ts=2022-05-05T02:58:08.1111895Z caller=middleware.go:52 type=SUCCESS URL=/ message="STARTING API..."
ts=2022-05-05T02:58:08.1201868Z caller=middleware.go:52 type=SUCCESS URL=/ message="STARTING ENDPOINTS..."
ts=2022-05-05T02:58:08.1291868Z caller=middleware.go:52 type=SUCCESS URL=/ message="STARTING ROUTES..."
ts=2022-05-05T02:58:08.1411909Z caller=middleware.go:52 type=SUCCESS URL=/ message="STARTING SWAGGER..."
ts=2022-05-05T02:58:31.5752229Z caller=middleware.go:52 type=SUCCESS message="OPERACION SATISFACTORIA"
ts=2022-05-05T03:01:51.9938286Z caller=middleware.go:52 type=SUCCESS URL=/ message="STARTING API..."
ts=2022-05-05T03:01:52.0074059Z caller=middleware.go:52 type=SUCCESS URL=/ message="STARTING ENDPOINTS..."
ts=2022-05-05T03:01:52.0163199Z caller=middleware.go:52 type=SUCCESS URL=/ message="STARTING ROUTES..."
ts=2022-05-05T03:01:52.0251263Z caller=middleware.go:52 type=SUCCESS URL=/ message="STARTING SWAGGER..."
ts=2022-05-05T03:01:52.0338091Z caller=middleware.go:52 type=SUCCESS message="OPERACION SATISFACTORIA"
ts=2022-05-05T03:01:52.0418073Z caller=middleware.go:52 type=SUCCESS message="OPERACION SATISFACTORIA"
ts=2022-05-05T03:01:52.0508087Z caller=middleware.go:52 type=SUCCESS message="OPERACION SATISFACTORIA"
ts=2022-05-05T03:01:52.0619138Z caller=middleware.go:52 type=SUCCESS message="OPERACION SATISFACTORIA"
ts=2022-05-05T03:01:52.0729213Z caller=middleware.go:52 type=ERROR message="ERROR EN OPERACION"
ts=2022-05-05T03:01:52.083936Z caller=middleware.go:52 type=ERROR message="EL VALOR PROPORCIONADO DEBE SER UN MULTIPLO DE 100"
ts=2022-05-05T03:54:43.2071351Z caller=middleware.go:52 type=SUCCESS URL=/ message="STARTING API..."
ts=2022-05-05T03:54:43.2272415Z caller=middleware.go:52 type=SUCCESS URL=/ message="STARTING ENDPOINTS..."
ts=2022-05-05T03:54:43.2341898Z caller=middleware.go:52 type=SUCCESS URL=/ message="STARTING ROUTES..."
ts=2022-05-05T03:54:43.2540524Z caller=middleware.go:52 type=SUCCESS URL=/ message="STARTING SWAGGER..."
ts=2022-05-05T04:03:00.6665168Z caller=middleware.go:52 type=SUCCESS URL=/ message="STARTING API..."
ts=2022-05-05T04:03:00.6965257Z caller=middleware.go:52 type=SUCCESS URL=/ message="STARTING ENDPOINTS..."
ts=2022-05-05T04:03:00.7130131Z caller=middleware.go:52 type=SUCCESS URL=/ message="STARTING ROUTES..."
ts=2022-05-05T04:03:00.7265074Z caller=middleware.go:52 type=SUCCESS URL=/ message="STARTING SWAGGER..."
ts=2022-05-05T04:03:17.7322096Z caller=middleware.go:52 type=SUCCESS message="OPERACION SATISFACTORIA"
ts=2022-05-05T04:04:46.5495552Z caller=middleware.go:52 type=SUCCESS URL=/ message="STARTING API..."
ts=2022-05-05T04:04:46.5575519Z caller=middleware.go:52 type=SUCCESS URL=/ message="STARTING ENDPOINTS..."
ts=2022-05-05T04:04:46.573554Z caller=middleware.go:52 type=SUCCESS URL=/ message="STARTING ROUTES..."
ts=2022-05-05T04:04:46.5808197Z caller=middleware.go:52 type=SUCCESS URL=/ message="STARTING SWAGGER..."
ts=2022-05-05T04:05:07.0072695Z caller=middleware.go:52 type=SUCCESS message="OPERACION SATISFACTORIA"
ts=2022-05-05T04:05:50.5811067Z caller=middleware.go:52 type=ERROR message="ERROR EN OPERACION"
ts=2022-05-05T04:23:58.0256892Z caller=middleware.go:52 type=SUCCESS URL=/ message="STARTING API..."
ts=2022-05-05T04:23:58.0366848Z caller=middleware.go:52 type=SUCCESS URL=/ message="STARTING ENDPOINTS..."
ts=2022-05-05T04:23:58.0471602Z caller=middleware.go:52 type=SUCCESS URL=/ message="STARTING ROUTES..."
ts=2022-05-05T04:23:58.0572751Z caller=middleware.go:52 type=SUCCESS URL=/ message="STARTING SWAGGER..."
ts=2022-05-05T04:24:19.207012Z caller=middleware.go:52 type=SUCCESS message="OPERACION SATISFACTORIA"
ts=2022-05-05T04:24:45.8915718Z caller=middleware.go:52 type=ERROR message="ERROR EN OPERACION"
ts=2022-05-05T04:25:21.3518715Z caller=middleware.go:52 type=SUCCESS message="OPERACION SATISFACTORIA"
ts=2022-05-05T04:25:44.3155057Z caller=middleware.go:52 type=ERROR message="EL VALOR PROPORCIONADO DEBE SER UN MULTIPLO DE 100"
ts=2022-05-05T04:43:38.5261588Z caller=middleware.go:52 type=SUCCESS URL=/ message="STARTING API..."
ts=2022-05-05T04:43:38.5987886Z caller=middleware.go:52 type=SUCCESS URL=/ message="STARTING ENDPOINTS..."
ts=2022-05-05T04:43:38.6093503Z caller=middleware.go:52 type=SUCCESS URL=/ message="STARTING ROUTES..."
ts=2022-05-05T04:43:38.6175325Z caller=middleware.go:52 type=SUCCESS URL=/ message="STARTING SWAGGER..."
ts=2022-05-05T04:54:51.1262889Z caller=middleware.go:52 type=SUCCESS URL=/ message="STARTING API..."
ts=2022-05-05T04:54:51.1374696Z caller=middleware.go:52 type=SUCCESS URL=/ message="STARTING ENDPOINTS..."
ts=2022-05-05T04:54:51.1516394Z caller=middleware.go:52 type=SUCCESS URL=/ message="STARTING ROUTES..."
ts=2022-05-05T04:54:51.162175Z caller=middleware.go:52 type=SUCCESS URL=/ message="STARTING SWAGGER..."
ts=2022-05-05T04:55:19.3727611Z caller=middleware.go:52 type=SUCCESS URL=/ message="STARTING API..."
ts=2022-05-05T04:55:19.3847618Z caller=middleware.go:52 type=SUCCESS URL=/ message="STARTING ENDPOINTS..."
ts=2022-05-05T04:55:19.3937636Z caller=middleware.go:52 type=SUCCESS URL=/ message="STARTING ROUTES..."
ts=2022-05-05T04:55:19.4039828Z caller=middleware.go:52 type=SUCCESS URL=/ message="STARTING SWAGGER..."
ts=2022-05-05T05:13:09.9026032Z caller=middleware.go:52 type=SUCCESS URL=/ message="STARTING API..."
ts=2022-05-05T05:13:09.9140534Z caller=middleware.go:52 type=SUCCESS URL=/ message="STARTING ENDPOINTS..."
ts=2022-05-05T05:13:09.9256008Z caller=middleware.go:52 type=SUCCESS URL=/ message="STARTING ROUTES..."
ts=2022-05-05T05:13:09.9364371Z caller=middleware.go:52 type=SUCCESS URL=/ message="STARTING SWAGGER..."
ts=2022-05-05T05:13:47.0847413Z caller=middleware.go:52 type=SUCCESS URL=/ message="STARTING API..."
ts=2022-05-05T05:13:47.0977412Z caller=middleware.go:52 type=SUCCESS URL=/ message="STARTING ENDPOINTS..."
ts=2022-05-05T05:13:47.1117376Z caller=middleware.go:52 type=SUCCESS URL=/ message="STARTING ROUTES..."
ts=2022-05-05T05:13:47.1222516Z caller=middleware.go:52 type=SUCCESS URL=/ message="STARTING SWAGGER..."
ts=2022-05-05T05:14:36.6830362Z caller=middleware.go:52 type=SUCCESS URL=/ message="STARTING API..."
ts=2022-05-05T05:14:36.6940366Z caller=middleware.go:52 type=SUCCESS URL=/ message="STARTING ENDPOINTS..."
ts=2022-05-05T05:14:36.705581Z caller=middleware.go:52 type=SUCCESS URL=/ message="STARTING ROUTES..."
ts=2022-05-05T05:14:36.7156544Z caller=middleware.go:52 type=SUCCESS URL=/ message="STARTING SWAGGER..."
ts=2022-05-05T05:15:42.7572974Z caller=middleware.go:52 type=SUCCESS URL=/ message="STARTING API..."
ts=2022-05-05T05:15:42.7672929Z caller=middleware.go:52 type=SUCCESS URL=/ message="STARTING ENDPOINTS..."
ts=2022-05-05T05:15:42.7782937Z caller=middleware.go:52 type=SUCCESS URL=/ message="STARTING ROUTES..."
ts=2022-05-05T05:15:42.7981208Z caller=middleware.go:52 type=SUCCESS URL=/ message="STARTING SWAGGER..."
ts=2022-05-05T05:17:22.9587543Z caller=middleware.go:52 type=SUCCESS URL=/ message="STARTING API..."
ts=2022-05-05T05:17:22.9707527Z caller=middleware.go:52 type=SUCCESS URL=/ message="STARTING ENDPOINTS..."
ts=2022-05-05T05:17:22.979752Z caller=middleware.go:52 type=SUCCESS URL=/ message="STARTING ROUTES..."
ts=2022-05-05T05:17:22.9934084Z caller=middleware.go:52 type=SUCCESS URL=/ message="STARTING SWAGGER..."
ts=2022-05-05T05:18:14.825554Z caller=middleware.go:52 type=SUCCESS URL=/ message="STARTING API..."
ts=2022-05-05T05:18:14.8385522Z caller=middleware.go:52 type=SUCCESS URL=/ message="STARTING ENDPOINTS..."
ts=2022-05-05T05:18:14.8565509Z caller=middleware.go:52 type=SUCCESS URL=/ message="STARTING ROUTES..."
ts=2022-05-05T05:18:14.8769842Z caller=middleware.go:52 type=SUCCESS URL=/ message="STARTING SWAGGER..."
ts=2022-05-05T05:19:57.0965797Z caller=middleware.go:52 type=SUCCESS URL=/ message="STARTING API..."
ts=2022-05-05T05:19:57.1123745Z caller=middleware.go:52 type=SUCCESS URL=/ message="STARTING ENDPOINTS..."
ts=2022-05-05T05:19:57.1262803Z caller=middleware.go:52 type=SUCCESS URL=/ message="STARTING ROUTES..."
ts=2022-05-05T05:19:57.1393534Z caller=middleware.go:52 type=SUCCESS URL=/ message="STARTING SWAGGER..."
ts=2022-05-05T05:22:24.1268786Z caller=middleware.go:52 type=SUCCESS URL=/ message="STARTING API..."
ts=2022-05-05T05:22:24.1381993Z caller=middleware.go:52 type=SUCCESS URL=/ message="STARTING ENDPOINTS..."
ts=2022-05-05T05:22:24.1489281Z caller=middleware.go:52 type=SUCCESS URL=/ message="STARTING ROUTES..."
ts=2022-05-05T05:22:24.1590324Z caller=middleware.go:52 type=SUCCESS URL=/ message="STARTING SWAGGER..."
ts=2022-05-05T05:23:08.6237331Z caller=middleware.go:52 type=ERROR message="ERROR EN OPERACION"
ts=2022-05-05T05:23:29.8891015Z caller=middleware.go:52 type=SUCCESS message="OPERACION SATISFACTORIA"
ts=2022-05-05T05:25:50.7759781Z caller=middleware.go:52 type=SUCCESS URL=/ message="STARTING API..."
ts=2022-05-05T05:25:50.7884557Z caller=middleware.go:52 type=SUCCESS URL=/ message="STARTING ENDPOINTS..."
ts=2022-05-05T05:25:50.7976001Z caller=middleware.go:52 type=SUCCESS URL=/ message="STARTING ROUTES..."
ts=2022-05-05T05:25:50.8140442Z caller=middleware.go:52 type=SUCCESS URL=/ message="STARTING SWAGGER..."
ts=2022-05-05T13:40:20.470566Z caller=middleware.go:52 type=SUCCESS URL=/ message="STARTING API..."
ts=2022-05-05T13:40:20.5120413Z caller=middleware.go:52 type=SUCCESS URL=/ message="STARTING ENDPOINTS..."
ts=2022-05-05T13:40:20.523044Z caller=middleware.go:52 type=SUCCESS URL=/ message="STARTING ROUTES..."
ts=2022-05-05T13:40:20.5430423Z caller=middleware.go:52 type=SUCCESS URL=/ message="STARTING SWAGGER..."
ts=2022-05-05T13:42:13.629171Z caller=middleware.go:52 type=ERROR message="EL VALOR PROPORCIONADO DEBE SER UN MULTIPLO DE 100"
ts=2022-05-05T13:42:36.5204158Z caller=middleware.go:52 type=ERROR message="EL VALOR PROPORCIONADO DEBE SER UN MULTIPLO DE 100"
ts=2022-05-05T13:43:00.2800671Z caller=middleware.go:52 type=SUCCESS message="OPERACION SATISFACTORIA"
ts=2022-05-05T13:43:54.197577Z caller=middleware.go:52 type=SUCCESS URL=/ message="STARTING API..."
ts=2022-05-05T13:43:54.2151086Z caller=middleware.go:52 type=SUCCESS URL=/ message="STARTING ENDPOINTS..."
ts=2022-05-05T13:43:54.2300162Z caller=middleware.go:52 type=SUCCESS URL=/ message="STARTING ROUTES..."
ts=2022-05-05T13:43:54.2487432Z caller=middleware.go:52 type=SUCCESS URL=/ message="STARTING SWAGGER..."
ts=2022-05-05T13:57:46.3618473Z caller=middleware.go:52 type=SUCCESS URL=/ message="STARTING API..."
ts=2022-05-05T13:57:46.5005827Z caller=middleware.go:52 type=SUCCESS URL=/ message="STARTING ENDPOINTS..."
ts=2022-05-05T13:57:46.5128601Z caller=middleware.go:52 type=SUCCESS URL=/ message="STARTING ROUTES..."
ts=2022-05-05T13:57:46.5267438Z caller=middleware.go:52 type=SUCCESS URL=/ message="STARTING SWAGGER..."
ts=2022-05-05T14:02:21.9469809Z caller=middleware.go:52 type=SUCCESS URL=/ message="STARTING API..."
ts=2022-05-05T14:02:21.9700191Z caller=middleware.go:52 type=SUCCESS URL=/ message="STARTING ENDPOINTS..."
ts=2022-05-05T14:02:21.9846015Z caller=middleware.go:52 type=SUCCESS URL=/ message="STARTING ROUTES..."
ts=2022-05-05T14:02:22.0044198Z caller=middleware.go:52 type=SUCCESS URL=/ message="STARTING SWAGGER..."
ts=2022-05-05T14:04:08.1001048Z caller=middleware.go:52 type=SUCCESS URL=/ message="STARTING API..."
ts=2022-05-05T14:04:08.1116225Z caller=middleware.go:52 type=SUCCESS URL=/ message="STARTING ENDPOINTS..."
ts=2022-05-05T14:04:08.1245522Z caller=middleware.go:52 type=SUCCESS URL=/ message="STARTING ROUTES..."
ts=2022-05-05T14:04:08.1364186Z caller=middleware.go:52 type=SUCCESS URL=/ message="STARTING SWAGGER..."
ts=2022-05-05T14:05:28.8025565Z caller=middleware.go:52 type=SUCCESS URL=/ message="STARTING API..."
ts=2022-05-05T14:05:28.8174734Z caller=middleware.go:52 type=SUCCESS URL=/ message="STARTING ENDPOINTS..."
ts=2022-05-05T14:05:28.8366625Z caller=middleware.go:52 type=SUCCESS URL=/ message="STARTING ROUTES..."
ts=2022-05-05T14:05:28.8522109Z caller=middleware.go:52 type=SUCCESS URL=/ message="STARTING SWAGGER..."
ts=2022-05-05T14:11:26.8407987Z caller=middleware.go:52 type=SUCCESS URL=/ message="STARTING API..."
ts=2022-05-05T14:11:26.8537986Z caller=middleware.go:52 type=SUCCESS URL=/ message="STARTING ENDPOINTS..."
ts=2022-05-05T14:11:26.864798Z caller=middleware.go:52 type=SUCCESS URL=/ message="STARTING ROUTES..."
ts=2022-05-05T14:11:26.8757973Z caller=middleware.go:52 type=SUCCESS URL=/ message="STARTING SWAGGER..."
ts=2022-05-05T14:12:25.1139504Z caller=middleware.go:52 type=SUCCESS URL=/ message="STARTING API..."
ts=2022-05-05T14:12:25.1329938Z caller=middleware.go:52 type=SUCCESS URL=/ message="STARTING ENDPOINTS..."
ts=2022-05-05T14:12:25.1469467Z caller=middleware.go:52 type=SUCCESS URL=/ message="STARTING ROUTES..."
ts=2022-05-05T14:12:25.1650008Z caller=middleware.go:52 type=SUCCESS URL=/ message="STARTING SWAGGER..."
ts=2022-05-05T14:13:11.1335161Z caller=middleware.go:52 type=SUCCESS URL=/ message="STARTING API..."
ts=2022-05-05T14:13:11.1477387Z caller=middleware.go:52 type=SUCCESS URL=/ message="STARTING ENDPOINTS..."
ts=2022-05-05T14:13:11.1618849Z caller=middleware.go:52 type=SUCCESS URL=/ message="STARTING ROUTES..."
ts=2022-05-05T14:13:11.1744107Z caller=middleware.go:52 type=SUCCESS URL=/ message="STARTING SWAGGER..."
ts=2022-05-05T14:15:16.8276698Z caller=middleware.go:52 type=SUCCESS URL=/ message="STARTING API..."
ts=2022-05-05T14:15:16.8400008Z caller=middleware.go:52 type=SUCCESS URL=/ message="STARTING ENDPOINTS..."
ts=2022-05-05T14:15:16.8547507Z caller=middleware.go:52 type=SUCCESS URL=/ message="STARTING ROUTES..."
ts=2022-05-05T14:15:16.8710245Z caller=middleware.go:52 type=SUCCESS URL=/ message="STARTING SWAGGER..."
ts=2022-05-05T14:18:19.2293993Z caller=middleware.go:52 type=SUCCESS URL=/ message="STARTING API..."
ts=2022-05-05T14:18:19.244398Z caller=middleware.go:52 type=SUCCESS URL=/ message="STARTING ENDPOINTS..."
ts=2022-05-05T14:18:19.2569407Z caller=middleware.go:52 type=SUCCESS URL=/ message="STARTING ROUTES..."
ts=2022-05-05T14:18:19.2684638Z caller=middleware.go:52 type=SUCCESS URL=/ message="STARTING SWAGGER..."
ts=2022-05-05T14:28:50.7551309Z caller=middleware.go:52 type=SUCCESS URL=/ message="STARTING API..."
ts=2022-05-05T14:28:50.7688311Z caller=middleware.go:52 type=SUCCESS URL=/ message="STARTING ENDPOINTS..."
ts=2022-05-05T14:28:50.7829295Z caller=middleware.go:52 type=SUCCESS URL=/ message="STARTING ROUTES..."
ts=2022-05-05T14:28:50.7956204Z caller=middleware.go:52 type=SUCCESS URL=/ message="STARTING SWAGGER..."
ts=2022-05-05T14:30:02.383016Z caller=middleware.go:52 type=SUCCESS URL=/ message="STARTING API..."
ts=2022-05-05T14:30:02.4422389Z caller=middleware.go:52 type=SUCCESS URL=/ message="STARTING ENDPOINTS..."
ts=2022-05-05T14:30:02.4528243Z caller=middleware.go:52 type=SUCCESS URL=/ message="STARTING ROUTES..."
ts=2022-05-05T14:30:02.4654361Z caller=middleware.go:52 type=SUCCESS URL=/ message="STARTING SWAGGER..."
ts=2022-05-05T14:30:50.3615318Z caller=middleware.go:52 type=SUCCESS URL=/ message="STARTING API..."
ts=2022-05-05T14:30:50.4718912Z caller=middleware.go:52 type=SUCCESS URL=/ message="STARTING ENDPOINTS..."
ts=2022-05-05T14:30:50.4846149Z caller=middleware.go:52 type=SUCCESS URL=/ message="STARTING ROUTES..."
ts=2022-05-05T14:30:50.4966152Z caller=middleware.go:52 type=SUCCESS URL=/ message="STARTING SWAGGER..."
ts=2022-05-05T14:32:04.6345261Z caller=middleware.go:52 type=SUCCESS URL=/ message="STARTING API..."
ts=2022-05-05T14:32:04.6462395Z caller=middleware.go:52 type=SUCCESS URL=/ message="STARTING ENDPOINTS..."
ts=2022-05-05T14:32:04.6587083Z caller=middleware.go:52 type=SUCCESS URL=/ message="STARTING ROUTES..."
ts=2022-05-05T14:32:04.6701007Z caller=middleware.go:52 type=SUCCESS URL=/ message="STARTING SWAGGER..."
ts=2022-05-05T14:32:04.6870232Z caller=middleware.go:52 type=SUCCESS message="OPERACION SATISFACTORIA"
ts=2022-05-05T14:32:04.7045437Z caller=middleware.go:52 type=SUCCESS message="OPERACION SATISFACTORIA"
ts=2022-05-05T14:32:04.7186269Z caller=middleware.go:52 type=SUCCESS message="OPERACION SATISFACTORIA"
ts=2022-05-05T14:32:04.7409672Z caller=middleware.go:52 type=SUCCESS message="OPERACION SATISFACTORIA"
ts=2022-05-05T14:32:04.7580438Z caller=middleware.go:52 type=ERROR message="ERROR EN OPERACION"
ts=2022-05-05T14:32:04.7702846Z caller=middleware.go:52 type=ERROR message="EL VALOR PROPORCIONADO DEBE SER UN MULTIPLO DE 100"
ts=2022-05-05T14:33:24.7406358Z caller=middleware.go:52 type=SUCCESS URL=/ message="STARTING API..."
ts=2022-05-05T14:33:24.7579346Z caller=middleware.go:52 type=SUCCESS URL=/ message="STARTING ENDPOINTS..."
ts=2022-05-05T14:33:24.769424Z caller=middleware.go:52 type=SUCCESS URL=/ message="STARTING ROUTES..."
ts=2022-05-05T14:33:24.7841441Z caller=middleware.go:52 type=SUCCESS URL=/ message="STARTING SWAGGER..."
ts=2022-05-05T14:33:24.8001487Z caller=middleware.go:52 type=SUCCESS message="OPERACION SATISFACTORIA"
ts=2022-05-05T14:33:24.8198433Z caller=middleware.go:52 type=SUCCESS message="OPERACION SATISFACTORIA"
ts=2022-05-05T14:33:24.8339055Z caller=middleware.go:52 type=SUCCESS message="OPERACION SATISFACTORIA"
ts=2022-05-05T14:33:24.8482597Z caller=middleware.go:52 type=SUCCESS message="OPERACION SATISFACTORIA"
ts=2022-05-05T14:33:24.8634645Z caller=middleware.go:52 type=ERROR message="ERROR EN OPERACION"
ts=2022-05-05T14:33:24.8762042Z caller=middleware.go:52 type=ERROR message="EL VALOR PROPORCIONADO DEBE SER UN MULTIPLO DE 100"
ts=2022-05-05T14:49:04.9008283Z caller=middleware.go:52 type=SUCCESS URL=/ message="STARTING API..."
ts=2022-05-05T14:49:04.9318661Z caller=middleware.go:52 type=SUCCESS URL=/ message="STARTING ENDPOINTS..."
ts=2022-05-05T14:49:04.9428593Z caller=middleware.go:52 type=SUCCESS URL=/ message="STARTING ROUTES..."
ts=2022-05-05T14:49:04.9628659Z caller=middleware.go:52 type=SUCCESS URL=/ message="STARTING SWAGGER..."
ts=2022-05-05T14:52:43.6037249Z caller=middleware.go:52 type=SUCCESS URL=/ message="STARTING API..."
ts=2022-05-05T14:52:43.6273237Z caller=middleware.go:52 type=SUCCESS URL=/ message="STARTING ENDPOINTS..."
ts=2022-05-05T14:52:43.638322Z caller=middleware.go:52 type=SUCCESS URL=/ message="STARTING ROUTES..."
ts=2022-05-05T14:52:43.6513035Z caller=middleware.go:52 type=SUCCESS URL=/ message="STARTING SWAGGER..."
ts=2022-05-05T15:06:26.5423211Z caller=middleware.go:52 type=SUCCESS URL=/ message="STARTING API..."
ts=2022-05-05T15:06:26.6086207Z caller=middleware.go:52 type=SUCCESS URL=/ message="STARTING ENDPOINTS..."
ts=2022-05-05T15:06:26.6227205Z caller=middleware.go:52 type=SUCCESS URL=/ message="STARTING ROUTES..."
ts=2022-05-05T15:06:26.6431026Z caller=middleware.go:52 type=SUCCESS URL=/ message="STARTING SWAGGER..."
ts=2022-05-05T15:06:26.6566862Z caller=middleware.go:52 type=SUCCESS message="OPERACION SATISFACTORIA"
ts=2022-05-05T15:06:26.6724673Z caller=middleware.go:52 type=SUCCESS message="OPERACION SATISFACTORIA"
ts=2022-05-05T15:06:26.6871601Z caller=middleware.go:52 type=SUCCESS message="OPERACION SATISFACTORIA"
ts=2022-05-05T15:06:26.7081542Z caller=middleware.go:52 type=SUCCESS message="OPERACION SATISFACTORIA"
ts=2022-05-05T15:06:26.7356254Z caller=middleware.go:52 type=ERROR message="ERROR EN OPERACION"
ts=2022-05-05T15:06:26.7577555Z caller=middleware.go:52 type=ERROR message="EL VALOR PROPORCIONADO DEBE SER UN MULTIPLO DE 100"
